mode: set
github.com/bgw7/exc-pratica-crud/cmd/main.go:11.13,16.16 4 0
github.com/bgw7/exc-pratica-crud/cmd/main.go:16.16,17.13 1 0
github.com/bgw7/exc-pratica-crud/cmd/main.go:20.2,24.68 3 0
github.com/bgw7/exc-pratica-crud/cmd/main.go:24.68,25.13 1 0
github.com/bgw7/exc-pratica-crud/cmd/router/product_router.go:12.41,26.2 11 0
github.com/bgw7/exc-pratica-crud/cmd/router/router.go:14.48,25.41 3 0
github.com/bgw7/exc-pratica-crud/cmd/router/router.go:25.41,27.45 1 0
github.com/bgw7/exc-pratica-crud/cmd/router/router.go:27.45,29.4 1 0
github.com/bgw7/exc-pratica-crud/cmd/router/router.go:31.3,31.47 1 0
github.com/bgw7/exc-pratica-crud/cmd/router/router.go:31.47,33.4 1 0
github.com/bgw7/exc-pratica-crud/cmd/router/router.go:37.2,37.10 1 0
github.com/bgw7/exc-pratica-crud/cmd/router/router.go:40.26,42.2 1 0
github.com/bgw7/exc-pratica-crud/cmd/router/warehouse_router.go:12.43,27.2 12 0
github.com/bgw7/exc-pratica-crud/config/config.go:28.19,29.40 1 0
github.com/bgw7/exc-pratica-crud/config/config.go:29.40,31.3 1 0
github.com/bgw7/exc-pratica-crud/config/config.go:34.42,35.48 1 0
github.com/bgw7/exc-pratica-crud/config/config.go:35.48,37.3 1 0
github.com/bgw7/exc-pratica-crud/config/config.go:38.2,38.17 1 0
github.com/bgw7/exc-pratica-crud/config/config.go:41.40,57.19 3 0
github.com/bgw7/exc-pratica-crud/config/config.go:57.19,58.27 1 0
github.com/bgw7/exc-pratica-crud/config/config.go:58.27,60.4 1 0
github.com/bgw7/exc-pratica-crud/config/config.go:63.2,65.3 1 0
github.com/bgw7/exc-pratica-crud/database/database.go:13.28,30.16 6 0
github.com/bgw7/exc-pratica-crud/database/database.go:30.16,32.3 1 0
github.com/bgw7/exc-pratica-crud/database/database.go:34.2,34.33 1 0
github.com/bgw7/exc-pratica-crud/database/database.go:34.33,36.3 1 0
github.com/bgw7/exc-pratica-crud/database/database.go:37.2,38.8 2 0
github.com/bgw7/exc-pratica-crud/database/database.go:41.22,43.2 1 0
github.com/bgw7/exc-pratica-crud/cmd/handlers/product_handler.go:18.65,22.2 1 0
github.com/bgw7/exc-pratica-crud/cmd/handlers/product_handler.go:24.53,25.54 1 0
github.com/bgw7/exc-pratica-crud/cmd/handlers/product_handler.go:25.54,28.17 2 0
github.com/bgw7/exc-pratica-crud/cmd/handlers/product_handler.go:28.17,31.4 2 0
github.com/bgw7/exc-pratica-crud/cmd/handlers/product_handler.go:33.3,33.68 1 0
github.com/bgw7/exc-pratica-crud/cmd/handlers/product_handler.go:37.50,38.54 1 0
github.com/bgw7/exc-pratica-crud/cmd/handlers/product_handler.go:38.54,42.24 2 0
github.com/bgw7/exc-pratica-crud/cmd/handlers/product_handler.go:42.24,45.4 2 0
github.com/bgw7/exc-pratica-crud/cmd/handlers/product_handler.go:47.3,48.22 2 0
github.com/bgw7/exc-pratica-crud/cmd/handlers/product_handler.go:48.22,51.4 2 0
github.com/bgw7/exc-pratica-crud/cmd/handlers/product_handler.go:52.3,52.67 1 0
github.com/bgw7/exc-pratica-crud/cmd/handlers/product_handler.go:56.52,57.54 1 0
github.com/bgw7/exc-pratica-crud/cmd/handlers/product_handler.go:57.54,60.51 2 0
github.com/bgw7/exc-pratica-crud/cmd/handlers/product_handler.go:60.51,63.4 2 0
github.com/bgw7/exc-pratica-crud/cmd/handlers/product_handler.go:64.3,66.17 2 0
github.com/bgw7/exc-pratica-crud/cmd/handlers/product_handler.go:66.17,69.4 2 0
github.com/bgw7/exc-pratica-crud/cmd/handlers/product_handler.go:71.3,71.72 1 0
github.com/bgw7/exc-pratica-crud/cmd/handlers/product_handler.go:75.52,76.54 1 0
github.com/bgw7/exc-pratica-crud/cmd/handlers/product_handler.go:76.54,80.24 2 0
github.com/bgw7/exc-pratica-crud/cmd/handlers/product_handler.go:80.24,83.4 2 0
github.com/bgw7/exc-pratica-crud/cmd/handlers/product_handler.go:85.3,86.22 2 0
github.com/bgw7/exc-pratica-crud/cmd/handlers/product_handler.go:86.22,89.4 2 0
github.com/bgw7/exc-pratica-crud/cmd/handlers/product_handler.go:91.3,94.26 3 0
github.com/bgw7/exc-pratica-crud/cmd/handlers/product_handler.go:94.26,97.4 2 0
github.com/bgw7/exc-pratica-crud/cmd/handlers/product_handler.go:99.3,100.27 2 0
github.com/bgw7/exc-pratica-crud/cmd/handlers/product_handler.go:100.27,103.4 2 0
github.com/bgw7/exc-pratica-crud/cmd/handlers/product_handler.go:105.3,105.67 1 0
github.com/bgw7/exc-pratica-crud/cmd/handlers/product_handler.go:109.52,110.54 1 0
github.com/bgw7/exc-pratica-crud/cmd/handlers/product_handler.go:110.54,114.24 2 0
github.com/bgw7/exc-pratica-crud/cmd/handlers/product_handler.go:114.24,117.4 2 0
github.com/bgw7/exc-pratica-crud/cmd/handlers/product_handler.go:119.3,120.22 2 0
github.com/bgw7/exc-pratica-crud/cmd/handlers/product_handler.go:120.22,123.4 2 0
github.com/bgw7/exc-pratica-crud/cmd/handlers/product_handler.go:125.3,126.23 2 0
github.com/bgw7/exc-pratica-crud/cmd/handlers/product_handler.go:126.23,129.4 2 0
github.com/bgw7/exc-pratica-crud/cmd/handlers/product_handler.go:131.3,131.45 1 0
github.com/bgw7/exc-pratica-crud/cmd/handlers/warehouse_handler.go:18.80,22.2 1 0
github.com/bgw7/exc-pratica-crud/cmd/handlers/warehouse_handler.go:24.55,25.54 1 0
github.com/bgw7/exc-pratica-crud/cmd/handlers/warehouse_handler.go:25.54,28.17 2 0
github.com/bgw7/exc-pratica-crud/cmd/handlers/warehouse_handler.go:28.17,31.4 2 0
github.com/bgw7/exc-pratica-crud/cmd/handlers/warehouse_handler.go:33.3,33.70 1 0
github.com/bgw7/exc-pratica-crud/cmd/handlers/warehouse_handler.go:37.52,38.54 1 0
github.com/bgw7/exc-pratica-crud/cmd/handlers/warehouse_handler.go:38.54,42.24 2 0
github.com/bgw7/exc-pratica-crud/cmd/handlers/warehouse_handler.go:42.24,45.4 2 0
github.com/bgw7/exc-pratica-crud/cmd/handlers/warehouse_handler.go:47.3,48.22 2 0
github.com/bgw7/exc-pratica-crud/cmd/handlers/warehouse_handler.go:48.22,51.4 2 0
github.com/bgw7/exc-pratica-crud/cmd/handlers/warehouse_handler.go:52.3,52.69 1 0
github.com/bgw7/exc-pratica-crud/cmd/handlers/warehouse_handler.go:56.54,57.54 1 0
github.com/bgw7/exc-pratica-crud/cmd/handlers/warehouse_handler.go:57.54,60.51 2 0
github.com/bgw7/exc-pratica-crud/cmd/handlers/warehouse_handler.go:60.51,63.4 2 0
github.com/bgw7/exc-pratica-crud/cmd/handlers/warehouse_handler.go:64.3,66.17 2 0
github.com/bgw7/exc-pratica-crud/cmd/handlers/warehouse_handler.go:66.17,69.4 2 0
github.com/bgw7/exc-pratica-crud/cmd/handlers/warehouse_handler.go:71.3,71.74 1 0
github.com/bgw7/exc-pratica-crud/cmd/handlers/warehouse_handler.go:75.54,76.54 1 0
github.com/bgw7/exc-pratica-crud/cmd/handlers/warehouse_handler.go:76.54,80.24 2 0
github.com/bgw7/exc-pratica-crud/cmd/handlers/warehouse_handler.go:80.24,83.4 2 0
github.com/bgw7/exc-pratica-crud/cmd/handlers/warehouse_handler.go:85.3,86.22 2 0
github.com/bgw7/exc-pratica-crud/cmd/handlers/warehouse_handler.go:86.22,89.4 2 0
github.com/bgw7/exc-pratica-crud/cmd/handlers/warehouse_handler.go:91.3,94.26 3 0
github.com/bgw7/exc-pratica-crud/cmd/handlers/warehouse_handler.go:94.26,97.4 2 0
github.com/bgw7/exc-pratica-crud/cmd/handlers/warehouse_handler.go:99.3,100.27 2 0
github.com/bgw7/exc-pratica-crud/cmd/handlers/warehouse_handler.go:100.27,103.4 2 0
github.com/bgw7/exc-pratica-crud/cmd/handlers/warehouse_handler.go:105.3,105.69 1 0
github.com/bgw7/exc-pratica-crud/cmd/handlers/warehouse_handler.go:109.54,110.54 1 0
github.com/bgw7/exc-pratica-crud/cmd/handlers/warehouse_handler.go:110.54,114.24 2 0
github.com/bgw7/exc-pratica-crud/cmd/handlers/warehouse_handler.go:114.24,117.4 2 0
github.com/bgw7/exc-pratica-crud/cmd/handlers/warehouse_handler.go:119.3,120.22 2 0
github.com/bgw7/exc-pratica-crud/cmd/handlers/warehouse_handler.go:120.22,123.4 2 0
github.com/bgw7/exc-pratica-crud/cmd/handlers/warehouse_handler.go:125.3,126.23 2 0
github.com/bgw7/exc-pratica-crud/cmd/handlers/warehouse_handler.go:126.23,129.4 2 0
github.com/bgw7/exc-pratica-crud/cmd/handlers/warehouse_handler.go:131.3,131.45 1 0
github.com/bgw7/exc-pratica-crud/cmd/handlers/warehouse_handler.go:135.57,136.54 1 0
github.com/bgw7/exc-pratica-crud/cmd/handlers/warehouse_handler.go:136.54,140.24 2 0
github.com/bgw7/exc-pratica-crud/cmd/handlers/warehouse_handler.go:140.24,143.4 2 0
github.com/bgw7/exc-pratica-crud/cmd/handlers/warehouse_handler.go:145.3,146.22 2 0
github.com/bgw7/exc-pratica-crud/cmd/handlers/warehouse_handler.go:146.22,149.4 2 0
github.com/bgw7/exc-pratica-crud/cmd/handlers/warehouse_handler.go:150.3,150.69 1 0
github.com/bgw7/exc-pratica-crud/internal/product/product_repository.go:15.62,19.2 1 1
github.com/bgw7/exc-pratica-crud/internal/product/product_repository.go:21.86,23.16 2 1
github.com/bgw7/exc-pratica-crud/internal/product/product_repository.go:23.16,25.3 1 0
github.com/bgw7/exc-pratica-crud/internal/product/product_repository.go:27.2,29.18 2 1
github.com/bgw7/exc-pratica-crud/internal/product/product_repository.go:29.18,42.17 3 1
github.com/bgw7/exc-pratica-crud/internal/product/product_repository.go:42.17,46.4 3 0
github.com/bgw7/exc-pratica-crud/internal/product/product_repository.go:47.3,47.47 1 1
github.com/bgw7/exc-pratica-crud/internal/product/product_repository.go:50.2,50.28 1 1
github.com/bgw7/exc-pratica-crud/internal/product/product_repository.go:50.28,53.3 2 0
github.com/bgw7/exc-pratica-crud/internal/product/product_repository.go:55.2,55.8 1 1
github.com/bgw7/exc-pratica-crud/internal/product/product_repository.go:58.86,73.16 3 1
github.com/bgw7/exc-pratica-crud/internal/product/product_repository.go:73.16,74.27 1 0
github.com/bgw7/exc-pratica-crud/internal/product/product_repository.go:74.27,76.4 1 0
github.com/bgw7/exc-pratica-crud/internal/product/product_repository.go:76.9,78.4 1 0
github.com/bgw7/exc-pratica-crud/internal/product/product_repository.go:79.3,79.9 1 0
github.com/bgw7/exc-pratica-crud/internal/product/product_repository.go:82.2,82.8 1 1
github.com/bgw7/exc-pratica-crud/internal/product/product_repository.go:85.121,95.22 2 0
github.com/bgw7/exc-pratica-crud/internal/product/product_repository.go:95.22,98.3 2 0
github.com/bgw7/exc-pratica-crud/internal/product/product_repository.go:100.2,102.16 2 0
github.com/bgw7/exc-pratica-crud/internal/product/product_repository.go:102.16,105.3 2 0
github.com/bgw7/exc-pratica-crud/internal/product/product_repository.go:107.2,109.8 3 0
github.com/bgw7/exc-pratica-crud/internal/product/product_repository.go:112.129,124.22 2 0
github.com/bgw7/exc-pratica-crud/internal/product/product_repository.go:124.22,128.3 3 0
github.com/bgw7/exc-pratica-crud/internal/product/product_repository.go:130.2,131.23 2 0
github.com/bgw7/exc-pratica-crud/internal/product/product_repository.go:131.23,134.3 2 0
github.com/bgw7/exc-pratica-crud/internal/product/product_repository.go:136.2,138.8 3 0
github.com/bgw7/exc-pratica-crud/internal/product/product_repository.go:141.61,145.23 3 0
github.com/bgw7/exc-pratica-crud/internal/product/product_repository.go:145.23,148.3 2 0
github.com/bgw7/exc-pratica-crud/internal/product/product_repository.go:149.2,149.8 1 0
github.com/bgw7/exc-pratica-crud/internal/product/product_service.go:17.62,19.2 1 0
github.com/bgw7/exc-pratica-crud/internal/product/product_service.go:21.67,23.2 1 0
github.com/bgw7/exc-pratica-crud/internal/product/product_service.go:25.71,27.2 1 0
github.com/bgw7/exc-pratica-crud/internal/product/product_service.go:29.106,31.2 1 0
github.com/bgw7/exc-pratica-crud/internal/product/product_service.go:33.114,35.2 1 0
github.com/bgw7/exc-pratica-crud/internal/product/product_service.go:37.46,39.2 1 0
github.com/bgw7/exc-pratica-crud/pkg/web/request/json.go:19.49,21.56 1 1
github.com/bgw7/exc-pratica-crud/pkg/web/request/json.go:21.56,24.3 2 1
github.com/bgw7/exc-pratica-crud/pkg/web/request/json.go:27.2,28.16 2 1
github.com/bgw7/exc-pratica-crud/pkg/web/request/json.go:28.16,31.3 2 1
github.com/bgw7/exc-pratica-crud/pkg/web/request/json.go:33.2,33.8 1 1
github.com/bgw7/exc-pratica-crud/internal/warehouse/warehouse_repository.go:15.64,19.2 1 1
github.com/bgw7/exc-pratica-crud/internal/warehouse/warehouse_repository.go:21.89,23.16 2 1
github.com/bgw7/exc-pratica-crud/internal/warehouse/warehouse_repository.go:23.16,25.3 1 0
github.com/bgw7/exc-pratica-crud/internal/warehouse/warehouse_repository.go:27.2,29.18 2 1
github.com/bgw7/exc-pratica-crud/internal/warehouse/warehouse_repository.go:29.18,39.17 3 1
github.com/bgw7/exc-pratica-crud/internal/warehouse/warehouse_repository.go:39.17,42.4 2 0
github.com/bgw7/exc-pratica-crud/internal/warehouse/warehouse_repository.go:43.3,43.51 1 1
github.com/bgw7/exc-pratica-crud/internal/warehouse/warehouse_repository.go:46.2,46.29 1 1
github.com/bgw7/exc-pratica-crud/internal/warehouse/warehouse_repository.go:46.29,49.3 2 0
github.com/bgw7/exc-pratica-crud/internal/warehouse/warehouse_repository.go:51.2,51.8 1 1
github.com/bgw7/exc-pratica-crud/internal/warehouse/warehouse_repository.go:54.90,66.16 3 1
github.com/bgw7/exc-pratica-crud/internal/warehouse/warehouse_repository.go:66.16,67.27 1 0
github.com/bgw7/exc-pratica-crud/internal/warehouse/warehouse_repository.go:67.27,69.4 1 0
github.com/bgw7/exc-pratica-crud/internal/warehouse/warehouse_repository.go:69.9,71.4 1 0
github.com/bgw7/exc-pratica-crud/internal/warehouse/warehouse_repository.go:72.3,72.9 1 0
github.com/bgw7/exc-pratica-crud/internal/warehouse/warehouse_repository.go:75.2,75.8 1 1
github.com/bgw7/exc-pratica-crud/internal/warehouse/warehouse_repository.go:78.132,85.22 2 1
github.com/bgw7/exc-pratica-crud/internal/warehouse/warehouse_repository.go:85.22,88.3 2 0
github.com/bgw7/exc-pratica-crud/internal/warehouse/warehouse_repository.go:90.2,92.16 2 1
github.com/bgw7/exc-pratica-crud/internal/warehouse/warehouse_repository.go:92.16,95.3 2 0
github.com/bgw7/exc-pratica-crud/internal/warehouse/warehouse_repository.go:97.2,99.8 3 1
github.com/bgw7/exc-pratica-crud/internal/warehouse/warehouse_repository.go:102.140,111.22 2 0
github.com/bgw7/exc-pratica-crud/internal/warehouse/warehouse_repository.go:111.22,115.3 3 0
github.com/bgw7/exc-pratica-crud/internal/warehouse/warehouse_repository.go:117.2,118.23 2 0
github.com/bgw7/exc-pratica-crud/internal/warehouse/warehouse_repository.go:118.23,121.3 2 0
github.com/bgw7/exc-pratica-crud/internal/warehouse/warehouse_repository.go:123.2,125.8 3 0
github.com/bgw7/exc-pratica-crud/internal/warehouse/warehouse_repository.go:128.61,132.23 3 0
github.com/bgw7/exc-pratica-crud/internal/warehouse/warehouse_repository.go:132.23,135.3 2 0
github.com/bgw7/exc-pratica-crud/internal/warehouse/warehouse_repository.go:136.2,136.8 1 0
github.com/bgw7/exc-pratica-crud/internal/warehouse/warehouse_repository.go:139.86,147.16 3 0
github.com/bgw7/exc-pratica-crud/internal/warehouse/warehouse_repository.go:147.16,148.27 1 0
github.com/bgw7/exc-pratica-crud/internal/warehouse/warehouse_repository.go:148.27,150.4 1 0
github.com/bgw7/exc-pratica-crud/internal/warehouse/warehouse_repository.go:150.9,152.4 1 0
github.com/bgw7/exc-pratica-crud/internal/warehouse/warehouse_repository.go:153.3,153.9 1 0
github.com/bgw7/exc-pratica-crud/internal/warehouse/warehouse_repository.go:156.2,156.8 1 0
github.com/bgw7/exc-pratica-crud/internal/warehouse/warehouse_service.go:18.64,20.2 1 0
github.com/bgw7/exc-pratica-crud/internal/warehouse/warehouse_service.go:22.74,24.2 1 0
github.com/bgw7/exc-pratica-crud/internal/warehouse/warehouse_service.go:26.75,28.2 1 0
github.com/bgw7/exc-pratica-crud/internal/warehouse/warehouse_service.go:30.117,32.2 1 0
github.com/bgw7/exc-pratica-crud/internal/warehouse/warehouse_service.go:34.125,36.2 1 0
github.com/bgw7/exc-pratica-crud/internal/warehouse/warehouse_service.go:38.46,40.2 1 0
github.com/bgw7/exc-pratica-crud/internal/warehouse/warehouse_service.go:42.71,44.2 1 0
github.com/bgw7/exc-pratica-crud/pkg/web/response/error.go:14.67,18.42 2 1
github.com/bgw7/exc-pratica-crud/pkg/web/response/error.go:18.42,20.3 1 1
github.com/bgw7/exc-pratica-crud/pkg/web/response/error.go:23.2,28.16 3 1
github.com/bgw7/exc-pratica-crud/pkg/web/response/error.go:28.16,31.3 2 0
github.com/bgw7/exc-pratica-crud/pkg/web/response/error.go:35.2,39.16 3 1
github.com/bgw7/exc-pratica-crud/pkg/web/response/error.go:42.88,45.2 2 1
github.com/bgw7/exc-pratica-crud/pkg/web/response/json.go:9.54,11.17 1 1
github.com/bgw7/exc-pratica-crud/pkg/web/response/json.go:11.17,14.3 2 1
github.com/bgw7/exc-pratica-crud/pkg/web/response/json.go:17.2,18.16 2 1
github.com/bgw7/exc-pratica-crud/pkg/web/response/json.go:18.16,22.3 2 1
github.com/bgw7/exc-pratica-crud/pkg/web/response/json.go:25.2,31.16 3 1
github.com/bgw7/exc-pratica-crud/pkg/web/response/text.go:6.57,15.2 3 1
